[35m[Appium][39m Welcome to Appium v1.22.3
[35m[Appium][39m Non-default server args:
[35m[Appium][39m   port: 50752
[35m[Appium][39m   loglevel: info
[35m[Appium][39m   tmpDir: D:\Users\ptannguyen\AppData\Local\Temp\\Katalon\Appium\Temp1682407940670
[35m[Appium][39m   chromedriverPort: 50754
[35m[Appium][39m Deprecated server args:
[35m[Appium][39m   [31m--chromedriver-port[39m => --default-capabilities
[35m[Appium][39m Default capabilities, which will be added to each request unless overridden by desired capabilities:
[35m[Appium][39m   chromedriverPort: 50754
[35m[Appium][39m Appium REST http interface listener started on 0.0.0.0:50752
[35m[HTTP][39m [37m-->[39m [37mGET[39m [37m/wd/hub/status[39m
[35m[HTTP][39m [90m{}[39m
[35m[HTTP][39m [37m<-- GET /wd/hub/status [39m[32m200[39m [90m8 ms - 68[39m
[35m[HTTP][39m [90m[39m
[35m[HTTP][39m [37m-->[39m [37mGET[39m [37m/wd/hub/status[39m
[35m[HTTP][39m [90m{}[39m
[35m[HTTP][39m [37m<-- GET /wd/hub/status [39m[32m200[39m [90m1 ms - 68[39m
[35m[HTTP][39m [90m[39m
[35m[HTTP][39m [37m-->[39m [37mPOST[39m [37m/wd/hub/session[39m
[35m[HTTP][39m [90m{"desiredCapabilities":{"app":"D:\\AndroidNativeDemoApp.apk","appPackage":"com.wdiodemoapp","noReset":true,"appWaitActivity":"com.wdiodemoapp.MainActivity","deviceId":"emulator-5554","deviceName":"emulator-5554 (Android SDK built for x86 - Android 11)","fullReset":false,"platform":"ANDROID","appWaitDuration":30000,"newCommandTimeout":1800,"platformVersion":"11","automationName":"uiautomator2","autoGrantPermissions":true,"platformName":"Android","udid":"emulator-5554","systemPort":50770},"capabilities":{"firstMatch":[{"appium:app":"D:\\AndroidNativeDemoApp.apk","appium:appPackage":"com.wdiodemoapp","appium:appWaitActivity":"com.wdiodemoapp.MainActivity","appium:appWaitDuration":30000,"appium:autoGrantPermissions":true,"appium:automationName":"uiautomator2","deviceId":"emulator-5554","appium:deviceName":"emulator-5554 (Android SDK built for x86 - Android 11)","appium:fullReset":false,"appium:newCommandTimeout":1800,"appium:noReset":true,"platform":"ANDROID","platformName":"android","appium:platformVersion":"...[39m
[35m[BaseDriver][39m The following capabilities are not standard capabilities and should have an extension prefix:
[35m[BaseDriver][39m   deviceId
[35m[BaseDriver][39m   platform
[35m[BaseDriver][39m   chromedriverPort
[35m[Appium][39m Appium v1.22.3 creating new AndroidUiautomator2Driver (v1.70.1) session
[35m[BaseDriver][39m The following capabilities were provided, but are not recognized by Appium:
[35m[BaseDriver][39m   deviceId
[35m[BaseDriver][39m   platform
[35m[BaseDriver][39m Session created with session id: 614667ba-4a22-4a9d-bbd3-53d8b28d387f
[35m[BaseDriver][39m Using local app 'D:\AndroidNativeDemoApp.apk'
[35m[ADB][39m Found 1 'build-tools' folders under 'D:\Users\ptannguyen\.katalon\tools\android_sdk' (newest first):
[35m[ADB][39m     D:/Users/ptannguyen/.katalon/tools/android_sdk/build-tools/29.0.3
[35m[ADB][39m Using 'adb.exe' from 'D:\Users\ptannguyen\.katalon\tools\android_sdk\platform-tools\adb.exe'
[35m[AndroidDriver][39m Retrieving device list
[35m[AndroidDriver][39m Using device: emulator-5554
[35m[ADB][39m Using 'adb.exe' from 'D:\Users\ptannguyen\.katalon\tools\android_sdk\platform-tools\adb.exe'
[35m[ADB][39m Getting device platform version
[35m[UiAutomator2][39m Relaxing hidden api policy
[35m[ADB][39m Package name: 'com.wdiodemoapp'
[35m[ADB][39m Main activity name: 'com.wdiodemoapp.SplashActivity'
[35m[ADB][39m Using 'apksigner.jar' from 'D:\Users\ptannguyen\.katalon\tools\android_sdk\build-tools\29.0.3\lib\apksigner.jar'
[35m[ADB][39m 'D:\Users\ptannguyen\AppData\Roaming\npm\node_modules\appium\node_modules\appium-uiautomator2-server\apks\appium-uiautomator2-server-v4.27.0.apk' is signed with the default certificate
[35m[ADB][39m 'D:\Users\ptannguyen\AppData\Roaming\npm\node_modules\appium\node_modules\appium-uiautomator2-server\apks\appium-uiautomator2-server-debug-androidTest.apk' is signed with the default certificate
[35m[UiAutomator2][39m Server packages are not going to be (re)installed
[35m[ADB][39m Adding packages ["io.appium.settings","io.appium.uiautomator2.server","io.appium.uiautomator2.server.test"] to Doze whitelist
[35m[ADB][39m 'D:\AndroidNativeDemoApp.apk' is signed with a non-default certificate
[35m[ADB][39m The application at 'D:\AndroidNativeDemoApp.apk' will not be cached, because the device under test has confirmed the support of streamed installs
[35m[ADB][39m The installation of 'AndroidNativeDemoApp.apk' took 8221ms
[35m[UiAutomator2][39m Starting UIAutomator2 server 4.27.0
[35m[UiAutomator2][39m Using UIAutomator2 server from 'D:\Users\ptannguyen\AppData\Roaming\npm\node_modules\appium\node_modules\appium-uiautomator2-server\apks\appium-uiautomator2-server-v4.27.0.apk' and test from 'D:\Users\ptannguyen\AppData\Roaming\npm\node_modules\appium\node_modules\appium-uiautomator2-server\apks\appium-uiautomator2-server-debug-androidTest.apk'
[35m[UiAutomator2][39m Waiting up to 30000ms for UiAutomator2 to be online...
[35m[WD Proxy][39m socket hang up
[35m[WD Proxy][39m socket hang up
[35m[WD Proxy][39m socket hang up
[35m[WD Proxy][39m socket hang up
[35m[WD Proxy][39m socket hang up
[35m[WD Proxy][39m Determined the downstream protocol as 'W3C'
[35m[AndroidDriver][39m Screen already unlocked, doing nothing
[35m[UiAutomator2][39m Starting 'com.wdiodemoapp/com.wdiodemoapp.SplashActivity and waiting for 'com.wdiodemoapp/com.wdiodemoapp.MainActivity'
[35m[Appium][39m New AndroidUiautomator2Driver session created successfully, session 614667ba-4a22-4a9d-bbd3-53d8b28d387f added to master session list
[35m[HTTP][39m [37m<-- POST /wd/hub/session [39m[32m200[39m [90m32938 ms - 1488[39m
[35m[HTTP][39m [90m[39m
[35m[HTTP][39m [37m-->[39m [37mGET[39m [37m/wd/hub/session/614667ba-4a22-4a9d-bbd3-53d8b28d387f[39m
[35m[HTTP][39m [90m{}[39m
[35m[HTTP][39m [37m<-- GET /wd/hub/session/614667ba-4a22-4a9d-bbd3-53d8b28d387f [39m[32m200[39m [90m47 ms - 1442[39m
[35m[HTTP][39m [90m[39m
[35m[HTTP][39m [37m-->[39m [37mGET[39m [37m/wd/hub/session/614667ba-4a22-4a9d-bbd3-53d8b28d387f[39m
[35m[HTTP][39m [90m{}[39m
[35m[HTTP][39m [37m<-- GET /wd/hub/session/614667ba-4a22-4a9d-bbd3-53d8b28d387f [39m[32m200[39m [90m27 ms - 1442[39m
[35m[HTTP][39m [90m[39m
[35m[HTTP][39m [37m-->[39m [37mGET[39m [37m/wd/hub/status[39m
[35m[HTTP][39m [90m{}[39m
[35m[HTTP][39m [37m<-- GET /wd/hub/status [39m[32m200[39m [90m2 ms - 68[39m
[35m[HTTP][39m [90m[39m
[35m[HTTP][39m [37m-->[39m [37mPOST[39m [37m/wd/hub/session/614667ba-4a22-4a9d-bbd3-53d8b28d387f/timeouts[39m
[35m[HTTP][39m [90m{"implicit":60000}[39m
[35m[HTTP][39m [37m<-- POST /wd/hub/session/614667ba-4a22-4a9d-bbd3-53d8b28d387f/timeouts [39m[32m200[39m [90m8 ms - 14[39m
[35m[HTTP][39m [90m[39m
[35m[HTTP][39m [37m-->[39m [37mGET[39m [37m/wd/hub/session/614667ba-4a22-4a9d-bbd3-53d8b28d387f/source[39m
[35m[HTTP][39m [90m{}[39m
[35m[W3C (614667ba)][39m Driver proxy active, passing request on via HTTP proxy
[35m[WD Proxy][39m Replacing sessionId 5dc8a2fd-129a-4a7f-9f53-ee77623632d2 with 614667ba-4a22-4a9d-bbd3-53d8b28d387f
[35m[HTTP][39m [37m<-- GET /wd/hub/session/614667ba-4a22-4a9d-bbd3-53d8b28d387f/source [39m[32m200[39m [90m106 ms - 2273[39m
[35m[HTTP][39m [90m[39m
[35m[HTTP][39m [37m-->[39m [37mGET[39m [37m/wd/hub/session/614667ba-4a22-4a9d-bbd3-53d8b28d387f/screenshot[39m
[35m[HTTP][39m [90m{}[39m
[35m[HTTP][39m [37m<-- GET /wd/hub/session/614667ba-4a22-4a9d-bbd3-53d8b28d387f/screenshot [39m[32m200[39m [90m1600 ms - 176794[39m
[35m[HTTP][39m [90m[39m
[35m[HTTP][39m [37m-->[39m [37mGET[39m [37m/wd/hub/session/614667ba-4a22-4a9d-bbd3-53d8b28d387f/source[39m
[35m[HTTP][39m [90m{}[39m
[35m[W3C (614667ba)][39m Driver proxy active, passing request on via HTTP proxy
[35m[WD Proxy][39m Replacing sessionId 5dc8a2fd-129a-4a7f-9f53-ee77623632d2 with 614667ba-4a22-4a9d-bbd3-53d8b28d387f
[35m[HTTP][39m [37m<-- GET /wd/hub/session/614667ba-4a22-4a9d-bbd3-53d8b28d387f/source [39m[32m200[39m [90m107 ms - 16373[39m
[35m[HTTP][39m [90m[39m
[35m[HTTP][39m [37m-->[39m [37mGET[39m [37m/wd/hub/session/614667ba-4a22-4a9d-bbd3-53d8b28d387f/screenshot[39m
[35m[HTTP][39m [90m{}[39m
[35m[HTTP][39m [37m<-- GET /wd/hub/session/614667ba-4a22-4a9d-bbd3-53d8b28d387f/screenshot [39m[32m200[39m [90m598 ms - 316302[39m
[35m[HTTP][39m [90m[39m
[35m[HTTP][39m [37m-->[39m [37mGET[39m [37m/wd/hub/session/614667ba-4a22-4a9d-bbd3-53d8b28d387f/source[39m
[35m[HTTP][39m [90m{}[39m
[35m[W3C (614667ba)][39m Driver proxy active, passing request on via HTTP proxy
[35m[WD Proxy][39m Replacing sessionId 5dc8a2fd-129a-4a7f-9f53-ee77623632d2 with 614667ba-4a22-4a9d-bbd3-53d8b28d387f
[35m[HTTP][39m [37m<-- GET /wd/hub/session/614667ba-4a22-4a9d-bbd3-53d8b28d387f/source [39m[32m200[39m [90m352 ms - 16373[39m
[35m[HTTP][39m [90m[39m
[35m[HTTP][39m [37m-->[39m [37mGET[39m [37m/wd/hub/session/614667ba-4a22-4a9d-bbd3-53d8b28d387f/screenshot[39m
[35m[HTTP][39m [90m{}[39m
[35m[HTTP][39m [37m<-- GET /wd/hub/session/614667ba-4a22-4a9d-bbd3-53d8b28d387f/screenshot [39m[32m200[39m [90m971 ms - 317822[39m
[35m[HTTP][39m [90m[39m
[35m[HTTP][39m [37m-->[39m [37mDELETE[39m [37m/wd/hub/session/614667ba-4a22-4a9d-bbd3-53d8b28d387f[39m
[35m[HTTP][39m [90m{}[39m
[35m[Appium][39m Removing session 614667ba-4a22-4a9d-bbd3-53d8b28d387f from our master session list
[35m[UiAutomator2][39m Restoring hidden api policy to the device default configuration
[35m[HTTP][39m [37m<-- DELETE /wd/hub/session/614667ba-4a22-4a9d-bbd3-53d8b28d387f [39m[32m200[39m [90m1590 ms - 14[39m
[35m[HTTP][39m [90m[39m
